2022-05-07 18:11:58,661 [myid:] - INFO  [main:QuorumPeerConfig@174] - Reading configuration from: /home/mclovin/bigdata/apache-zookeeper-3.7.0-bin/bin/../conf/zoo.cfg
2022-05-07 18:11:58,668 [myid:] - INFO  [main:QuorumPeerConfig@444] - clientPortAddress is 0.0.0.0:2181
2022-05-07 18:11:58,668 [myid:] - INFO  [main:QuorumPeerConfig@448] - secureClientPort is not set
2022-05-07 18:11:58,668 [myid:] - INFO  [main:QuorumPeerConfig@464] - observerMasterPort is not set
2022-05-07 18:11:58,669 [myid:] - INFO  [main:QuorumPeerConfig@481] - metricsProvider.className is org.apache.zookeeper.metrics.impl.DefaultMetricsProvider
2022-05-07 18:11:58,670 [myid:] - INFO  [main:DatadirCleanupManager@78] - autopurge.snapRetainCount set to 3
2022-05-07 18:11:58,670 [myid:] - INFO  [main:DatadirCleanupManager@79] - autopurge.purgeInterval set to 0
2022-05-07 18:11:58,670 [myid:] - INFO  [main:DatadirCleanupManager@101] - Purge task is not scheduled.
2022-05-07 18:11:58,670 [myid:] - WARN  [main:QuorumPeerMain@139] - Either no config or no quorum defined in config, running in standalone mode
2022-05-07 18:11:58,673 [myid:] - INFO  [main:ManagedUtil@44] - Log4j 1.2 jmx support found and enabled.
2022-05-07 18:11:58,680 [myid:] - INFO  [main:QuorumPeerConfig@174] - Reading configuration from: /home/mclovin/bigdata/apache-zookeeper-3.7.0-bin/bin/../conf/zoo.cfg
2022-05-07 18:11:58,680 [myid:] - INFO  [main:QuorumPeerConfig@444] - clientPortAddress is 0.0.0.0:2181
2022-05-07 18:11:58,680 [myid:] - INFO  [main:QuorumPeerConfig@448] - secureClientPort is not set
2022-05-07 18:11:58,680 [myid:] - INFO  [main:QuorumPeerConfig@464] - observerMasterPort is not set
2022-05-07 18:11:58,680 [myid:] - INFO  [main:QuorumPeerConfig@481] - metricsProvider.className is org.apache.zookeeper.metrics.impl.DefaultMetricsProvider
2022-05-07 18:11:58,680 [myid:] - INFO  [main:ZooKeeperServerMain@123] - Starting server
2022-05-07 18:11:58,690 [myid:] - INFO  [main:ServerMetrics@62] - ServerMetrics initialized with provider org.apache.zookeeper.metrics.impl.DefaultMetricsProvider@1a38c59b
2022-05-07 18:11:58,692 [myid:] - INFO  [main:DigestAuthenticationProvider@47] - ACL digest algorithm is: SHA1
2022-05-07 18:11:58,692 [myid:] - INFO  [main:DigestAuthenticationProvider@61] - zookeeper.DigestAuthenticationProvider.enabled = true
2022-05-07 18:11:58,694 [myid:] - INFO  [main:FileTxnSnapLog@124] - zookeeper.snapshot.trust.empty : false
2022-05-07 18:11:58,702 [myid:] - INFO  [main:ZookeeperBanner@42] - 
2022-05-07 18:11:58,702 [myid:] - INFO  [main:ZookeeperBanner@42] -   ______                  _                                          
2022-05-07 18:11:58,702 [myid:] - INFO  [main:ZookeeperBanner@42] -  |___  /                 | |                                         
2022-05-07 18:11:58,702 [myid:] - INFO  [main:ZookeeperBanner@42] -     / /    ___     ___   | | __   ___    ___   _ __     ___   _ __   
2022-05-07 18:11:58,702 [myid:] - INFO  [main:ZookeeperBanner@42] -    / /    / _ \   / _ \  | |/ /  / _ \  / _ \ | '_ \   / _ \ | '__|
2022-05-07 18:11:58,702 [myid:] - INFO  [main:ZookeeperBanner@42] -   / /__  | (_) | | (_) | |   <  |  __/ |  __/ | |_) | |  __/ | |    
2022-05-07 18:11:58,702 [myid:] - INFO  [main:ZookeeperBanner@42] -  /_____|  \___/   \___/  |_|\_\  \___|  \___| | .__/   \___| |_|
2022-05-07 18:11:58,702 [myid:] - INFO  [main:ZookeeperBanner@42] -                                               | |                     
2022-05-07 18:11:58,703 [myid:] - INFO  [main:ZookeeperBanner@42] -                                               |_|                     
2022-05-07 18:11:58,703 [myid:] - INFO  [main:ZookeeperBanner@42] - 
2022-05-07 18:11:58,704 [myid:] - INFO  [main:Environment@98] - Server environment:zookeeper.version=3.7.0-e3704b390a6697bfdf4b0bef79e3da7a4f6bac4b, built on 2021-03-17 09:46 UTC
2022-05-07 18:11:58,704 [myid:] - INFO  [main:Environment@98] - Server environment:host.name=mclovin-MS-7B23
2022-05-07 18:11:58,704 [myid:] - INFO  [main:Environment@98] - Server environment:java.version=11.0.15
2022-05-07 18:11:58,704 [myid:] - INFO  [main:Environment@98] - Server environment:java.vendor=Private Build
2022-05-07 18:11:58,704 [myid:] - INFO  [main:Environment@98] - Server environment:java.home=/usr/lib/jvm/java-11-openjdk-amd64
2022-05-07 18:11:58,704 [myid:] - INFO  [main:Environment@98] - Server environment:java.class.path=/home/mclovin/bigdata/apache-zookeeper-3.7.0-bin/bin/../zookeeper-server/target/classes:/home/mclovin/bigdata/apache-zookeeper-3.7.0-bin/bin/../build/classes:/home/mclovin/bigdata/apache-zookeeper-3.7.0-bin/bin/../zookeeper-server/target/lib/*.jar:/home/mclovin/bigdata/apache-zookeeper-3.7.0-bin/bin/../build/lib/*.jar:/home/mclovin/bigdata/apache-zookeeper-3.7.0-bin/bin/../lib/zookeeper-prometheus-metrics-3.7.0.jar:/home/mclovin/bigdata/apache-zookeeper-3.7.0-bin/bin/../lib/zookeeper-jute-3.7.0.jar:/home/mclovin/bigdata/apache-zookeeper-3.7.0-bin/bin/../lib/zookeeper-3.7.0.jar:/home/mclovin/bigdata/apache-zookeeper-3.7.0-bin/bin/../lib/snappy-java-1.1.7.7.jar:/home/mclovin/bigdata/apache-zookeeper-3.7.0-bin/bin/../lib/slf4j-log4j12-1.7.30.jar:/home/mclovin/bigdata/apache-zookeeper-3.7.0-bin/bin/../lib/slf4j-api-1.7.30.jar:/home/mclovin/bigdata/apache-zookeeper-3.7.0-bin/bin/../lib/simpleclient_servlet-0.9.0.jar:/home/mclovin/bigdata/apache-zookeeper-3.7.0-bin/bin/../lib/simpleclient_hotspot-0.9.0.jar:/home/mclovin/bigdata/apache-zookeeper-3.7.0-bin/bin/../lib/simpleclient_common-0.9.0.jar:/home/mclovin/bigdata/apache-zookeeper-3.7.0-bin/bin/../lib/simpleclient-0.9.0.jar:/home/mclovin/bigdata/apache-zookeeper-3.7.0-bin/bin/../lib/netty-transport-native-unix-common-4.1.59.Final.jar:/home/mclovin/bigdata/apache-zookeeper-3.7.0-bin/bin/../lib/netty-transport-native-epoll-4.1.59.Final.jar:/home/mclovin/bigdata/apache-zookeeper-3.7.0-bin/bin/../lib/netty-transport-4.1.59.Final.jar:/home/mclovin/bigdata/apache-zookeeper-3.7.0-bin/bin/../lib/netty-resolver-4.1.59.Final.jar:/home/mclovin/bigdata/apache-zookeeper-3.7.0-bin/bin/../lib/netty-handler-4.1.59.Final.jar:/home/mclovin/bigdata/apache-zookeeper-3.7.0-bin/bin/../lib/netty-common-4.1.59.Final.jar:/home/mclovin/bigdata/apache-zookeeper-3.7.0-bin/bin/../lib/netty-codec-4.1.59.Final.jar:/home/mclovin/bigdata/apache-zookeeper-3.7.0-bin/bin/../lib/netty-buffer-4.1.59.Final.jar:/home/mclovin/bigdata/apache-zookeeper-3.7.0-bin/bin/../lib/metrics-core-4.1.12.1.jar:/home/mclovin/bigdata/apache-zookeeper-3.7.0-bin/bin/../lib/log4j-1.2.17.jar:/home/mclovin/bigdata/apache-zookeeper-3.7.0-bin/bin/../lib/jline-2.14.6.jar:/home/mclovin/bigdata/apache-zookeeper-3.7.0-bin/bin/../lib/jetty-util-ajax-9.4.38.v20210224.jar:/home/mclovin/bigdata/apache-zookeeper-3.7.0-bin/bin/../lib/jetty-util-9.4.38.v20210224.jar:/home/mclovin/bigdata/apache-zookeeper-3.7.0-bin/bin/../lib/jetty-servlet-9.4.38.v20210224.jar:/home/mclovin/bigdata/apache-zookeeper-3.7.0-bin/bin/../lib/jetty-server-9.4.38.v20210224.jar:/home/mclovin/bigdata/apache-zookeeper-3.7.0-bin/bin/../lib/jetty-security-9.4.38.v20210224.jar:/home/mclovin/bigdata/apache-zookeeper-3.7.0-bin/bin/../lib/jetty-io-9.4.38.v20210224.jar:/home/mclovin/bigdata/apache-zookeeper-3.7.0-bin/bin/../lib/jetty-http-9.4.38.v20210224.jar:/home/mclovin/bigdata/apache-zookeeper-3.7.0-bin/bin/../lib/javax.servlet-api-3.1.0.jar:/home/mclovin/bigdata/apache-zookeeper-3.7.0-bin/bin/../lib/jackson-databind-2.10.5.1.jar:/home/mclovin/bigdata/apache-zookeeper-3.7.0-bin/bin/../lib/jackson-core-2.10.5.jar:/home/mclovin/bigdata/apache-zookeeper-3.7.0-bin/bin/../lib/jackson-annotations-2.10.5.jar:/home/mclovin/bigdata/apache-zookeeper-3.7.0-bin/bin/../lib/commons-cli-1.4.jar:/home/mclovin/bigdata/apache-zookeeper-3.7.0-bin/bin/../lib/audience-annotations-0.12.0.jar:/home/mclovin/bigdata/apache-zookeeper-3.7.0-bin/bin/../zookeeper-*.jar:/home/mclovin/bigdata/apache-zookeeper-3.7.0-bin/bin/../zookeeper-server/src/main/resources/lib/*.jar:/home/mclovin/bigdata/apache-zookeeper-3.7.0-bin/bin/../conf:
2022-05-07 18:11:58,704 [myid:] - INFO  [main:Environment@98] - Server environment:java.library.path=/usr/java/packages/lib:/usr/lib/x86_64-linux-gnu/jni:/lib/x86_64-linux-gnu:/usr/lib/x86_64-linux-gnu:/usr/lib/jni:/lib:/usr/lib
2022-05-07 18:11:58,704 [myid:] - INFO  [main:Environment@98] - Server environment:java.io.tmpdir=/tmp
2022-05-07 18:11:58,704 [myid:] - INFO  [main:Environment@98] - Server environment:java.compiler=<NA>
2022-05-07 18:11:58,704 [myid:] - INFO  [main:Environment@98] - Server environment:os.name=Linux
2022-05-07 18:11:58,704 [myid:] - INFO  [main:Environment@98] - Server environment:os.arch=amd64
2022-05-07 18:11:58,705 [myid:] - INFO  [main:Environment@98] - Server environment:os.version=5.13.0-39-generic
2022-05-07 18:11:58,705 [myid:] - INFO  [main:Environment@98] - Server environment:user.name=mclovin
2022-05-07 18:11:58,705 [myid:] - INFO  [main:Environment@98] - Server environment:user.home=/home/mclovin
2022-05-07 18:11:58,705 [myid:] - INFO  [main:Environment@98] - Server environment:user.dir=/home/mclovin/bigdata/apache-zookeeper-3.7.0-bin
2022-05-07 18:11:58,705 [myid:] - INFO  [main:Environment@98] - Server environment:os.memory.free=236MB
2022-05-07 18:11:58,705 [myid:] - INFO  [main:Environment@98] - Server environment:os.memory.max=1000MB
2022-05-07 18:11:58,705 [myid:] - INFO  [main:Environment@98] - Server environment:os.memory.total=252MB
2022-05-07 18:11:58,705 [myid:] - INFO  [main:ZooKeeperServer@138] - zookeeper.enableEagerACLCheck = false
2022-05-07 18:11:58,705 [myid:] - INFO  [main:ZooKeeperServer@151] - zookeeper.digest.enabled = true
2022-05-07 18:11:58,705 [myid:] - INFO  [main:ZooKeeperServer@155] - zookeeper.closeSessionTxn.enabled = true
2022-05-07 18:11:58,705 [myid:] - INFO  [main:ZooKeeperServer@1499] - zookeeper.flushDelay=0
2022-05-07 18:11:58,705 [myid:] - INFO  [main:ZooKeeperServer@1508] - zookeeper.maxWriteQueuePollTime=0
2022-05-07 18:11:58,706 [myid:] - INFO  [main:ZooKeeperServer@1517] - zookeeper.maxBatchSize=1000
2022-05-07 18:11:58,706 [myid:] - INFO  [main:ZooKeeperServer@260] - zookeeper.intBufferStartingSizeBytes = 1024
2022-05-07 18:11:58,706 [myid:] - INFO  [main:BlueThrottle@141] - Weighed connection throttling is disabled
2022-05-07 18:11:58,707 [myid:] - INFO  [main:ZooKeeperServer@1300] - minSessionTimeout set to 4000
2022-05-07 18:11:58,707 [myid:] - INFO  [main:ZooKeeperServer@1309] - maxSessionTimeout set to 40000
2022-05-07 18:11:58,708 [myid:] - INFO  [main:ResponseCache@45] - getData response cache size is initialized with value 400.
2022-05-07 18:11:58,708 [myid:] - INFO  [main:ResponseCache@45] - getChildren response cache size is initialized with value 400.
2022-05-07 18:11:58,709 [myid:] - INFO  [main:RequestPathMetricsCollector@109] - zookeeper.pathStats.slotCapacity = 60
2022-05-07 18:11:58,709 [myid:] - INFO  [main:RequestPathMetricsCollector@110] - zookeeper.pathStats.slotDuration = 15
2022-05-07 18:11:58,709 [myid:] - INFO  [main:RequestPathMetricsCollector@111] - zookeeper.pathStats.maxDepth = 6
2022-05-07 18:11:58,709 [myid:] - INFO  [main:RequestPathMetricsCollector@112] - zookeeper.pathStats.initialDelay = 5
2022-05-07 18:11:58,709 [myid:] - INFO  [main:RequestPathMetricsCollector@113] - zookeeper.pathStats.delay = 5
2022-05-07 18:11:58,709 [myid:] - INFO  [main:RequestPathMetricsCollector@114] - zookeeper.pathStats.enabled = false
2022-05-07 18:11:58,711 [myid:] - INFO  [main:ZooKeeperServer@1536] - The max bytes for all large requests are set to 104857600
2022-05-07 18:11:58,711 [myid:] - INFO  [main:ZooKeeperServer@1550] - The large request threshold is set to -1
2022-05-07 18:11:58,712 [myid:] - INFO  [main:AuthenticationHelper@66] - zookeeper.enforce.auth.enabled = false
2022-05-07 18:11:58,712 [myid:] - INFO  [main:AuthenticationHelper@67] - zookeeper.enforce.auth.schemes = []
2022-05-07 18:11:58,712 [myid:] - INFO  [main:ZooKeeperServer@361] - Created server with tickTime 2000 minSessionTimeout 4000 maxSessionTimeout 40000 clientPortListenBacklog -1 datadir /tmp/zookeeper/version-2 snapdir /tmp/zookeeper/version-2
2022-05-07 18:11:58,730 [myid:] - INFO  [main:Log@169] - Logging initialized @428ms to org.eclipse.jetty.util.log.Slf4jLog
2022-05-07 18:11:58,785 [myid:] - WARN  [main:ContextHandler@1660] - o.e.j.s.ServletContextHandler@411f53a0{/,null,STOPPED} contextPath ends with /*
2022-05-07 18:11:58,785 [myid:] - WARN  [main:ContextHandler@1671] - Empty contextPath
2022-05-07 18:11:58,800 [myid:] - INFO  [main:Server@375] - jetty-9.4.38.v20210224; built: 2021-02-24T20:25:07.675Z; git: 288f3cc74549e8a913bf363250b0744f2695b8e6; jvm 11.0.15+10-Ubuntu-0ubuntu0.20.04.1
2022-05-07 18:11:58,833 [myid:] - INFO  [main:DefaultSessionIdManager@334] - DefaultSessionIdManager workerName=node0
2022-05-07 18:11:58,833 [myid:] - INFO  [main:DefaultSessionIdManager@339] - No SessionScavenger set, using defaults
2022-05-07 18:11:58,835 [myid:] - INFO  [main:HouseKeeper@132] - node0 Scavenging every 660000ms
2022-05-07 18:11:58,837 [myid:] - WARN  [main:ConstraintSecurityHandler@759] - ServletContext@o.e.j.s.ServletContextHandler@411f53a0{/,null,STARTING} has uncovered http methods for path: /*
2022-05-07 18:11:58,844 [myid:] - INFO  [main:ContextHandler@916] - Started o.e.j.s.ServletContextHandler@411f53a0{/,null,AVAILABLE}
2022-05-07 18:11:58,855 [myid:] - INFO  [main:AbstractConnector@331] - Started ServerConnector@4567f35d{HTTP/1.1, (http/1.1)}{0.0.0.0:9990}
2022-05-07 18:11:58,855 [myid:] - INFO  [main:Server@415] - Started @553ms
2022-05-07 18:11:58,856 [myid:] - INFO  [main:JettyAdminServer@181] - Started AdminServer on address 0.0.0.0, port 9990 and command URL /commands
2022-05-07 18:11:58,859 [myid:] - INFO  [main:ServerCnxnFactory@169] - Using org.apache.zookeeper.server.NIOServerCnxnFactory as server connection factory
2022-05-07 18:11:58,859 [myid:] - WARN  [main:ServerCnxnFactory@309] - maxCnxns is not configured, using default value 0.
2022-05-07 18:11:58,861 [myid:] - INFO  [main:NIOServerCnxnFactory@652] - Configuring NIO connection handler with 10s sessionless connection timeout, 2 selector thread(s), 16 worker threads, and 64 kB direct buffers.
2022-05-07 18:11:58,862 [myid:] - INFO  [main:NIOServerCnxnFactory@660] - binding to port 0.0.0.0/0.0.0.0:2181
2022-05-07 18:11:58,873 [myid:] - INFO  [main:WatchManagerFactory@42] - Using org.apache.zookeeper.server.watch.WatchManager as watch manager
2022-05-07 18:11:58,873 [myid:] - INFO  [main:WatchManagerFactory@42] - Using org.apache.zookeeper.server.watch.WatchManager as watch manager
2022-05-07 18:11:58,874 [myid:] - INFO  [main:ZKDatabase@133] - zookeeper.snapshotSizeFactor = 0.33
2022-05-07 18:11:58,874 [myid:] - INFO  [main:ZKDatabase@153] - zookeeper.commitLogCount=500
2022-05-07 18:11:58,877 [myid:] - INFO  [main:SnapStream@61] - zookeeper.snapshot.compression.method = CHECKED
2022-05-07 18:11:58,877 [myid:] - INFO  [main:FileSnap@85] - Reading snapshot /tmp/zookeeper/version-2/snapshot.0
2022-05-07 18:11:58,879 [myid:] - INFO  [main:DataTree@1716] - The digest value is empty in snapshot
2022-05-07 18:11:58,884 [myid:] - INFO  [main:FileTxnSnapLog@372] - 1 txns loaded in 1 ms
2022-05-07 18:11:58,884 [myid:] - INFO  [main:ZKDatabase@290] - Snapshot loaded in 10 ms, highest zxid is 0x1, digest is 1371985504
2022-05-07 18:11:58,885 [myid:] - INFO  [main:FileTxnSnapLog@479] - Snapshotting: 0x1 to /tmp/zookeeper/version-2/snapshot.1
2022-05-07 18:11:58,885 [myid:] - INFO  [main:ZooKeeperServer@543] - Snapshot taken in 1 ms
2022-05-07 18:11:58,892 [myid:] - INFO  [ProcessThread(sid:0 cport:2181)::PrepRequestProcessor@137] - PrepRequestProcessor (sid:0) started, reconfigEnabled=false
2022-05-07 18:11:58,893 [myid:] - INFO  [main:RequestThrottler@75] - zookeeper.request_throttler.shutdownTimeout = 10000
2022-05-07 18:11:58,904 [myid:] - INFO  [main:ContainerManager@84] - Using checkIntervalMs=60000 maxPerMinute=10000 maxNeverUsedIntervalMs=0
2022-05-07 18:11:58,905 [myid:] - INFO  [main:ZKAuditProvider@42] - ZooKeeper audit is disabled.
2022-05-07 18:12:08,263 [myid:] - INFO  [SyncThread:0:FileTxnLog@284] - Creating new log file: log.2
2022-05-07 18:12:29,372 [myid:] - INFO  [SessionTracker:ZooKeeperServer@628] - Expiring session 0x100003e661c0000, timeout of 30000ms exceeded
