2022-05-07 18:08:50.324 o.a.s.v.ConfigValidation main [INFO] Will use [class org.apache.storm.DaemonConfig, class org.apache.storm.Config] for validation
2022-05-07 18:08:50.417 o.e.j.u.log main [INFO] Logging initialized @832ms to org.eclipse.jetty.util.log.Slf4jLog
2022-05-07 18:08:50.510 o.a.s.d.m.MetricsUtils main [INFO] Using statistics reporter plugin:org.apache.storm.daemon.metrics.reporters.JmxPreparableReporter
2022-05-07 18:08:50.511 o.a.s.d.m.r.JmxPreparableReporter main [INFO] Preparing...
2022-05-07 18:08:50.518 o.a.s.m.StormMetricsRegistry main [INFO] Started statistics report plugin...
2022-05-07 18:08:50.522 o.e.j.s.Server main [INFO] jetty-9.4.14.v20181114; built: 2018-11-14T21:20:31.478Z; git: c4550056e785fb5665914545889f21dc136ad9e6; jvm 11.0.15+10-Ubuntu-0ubuntu0.20.04.1
2022-05-07 18:08:50.548 o.e.j.s.session main [INFO] DefaultSessionIdManager workerName=node0
2022-05-07 18:08:50.548 o.e.j.s.session main [INFO] No SessionScavenger set, using defaults
2022-05-07 18:08:50.549 o.e.j.s.session main [INFO] node0 Scavenging every 660000ms
2022-05-07 18:08:51.092 o.e.j.s.h.ContextHandler main [INFO] Started o.e.j.s.ServletContextHandler@984169e{/,null,AVAILABLE}
2022-05-07 18:08:51.104 o.e.j.s.AbstractConnector main [INFO] Started ServerConnector@4cc36c19{HTTP/1.1,[http/1.1]}{0.0.0.0:8080}
2022-05-07 18:08:51.105 o.e.j.s.Server main [INFO] Started @1521ms
2022-05-07 18:09:16.230 o.a.s.u.NimbusClient qtp259319861-23 [WARN] Ignoring exception while trying to get leader nimbus info from localhost. will retry with a different seed host.
java.lang.RuntimeException: java.lang.RuntimeException: org.apache.storm.thrift.transport.TTransportException: java.net.ConnectException: Connection refused (Connection refused)
	at org.apache.storm.security.auth.ThriftClient.reconnect(ThriftClient.java:108) ~[storm-client-2.4.0.jar:2.4.0]
	at org.apache.storm.security.auth.ThriftClient.<init>(ThriftClient.java:69) ~[storm-client-2.4.0.jar:2.4.0]
	at org.apache.storm.utils.NimbusClient.<init>(NimbusClient.java:80) ~[storm-client-2.4.0.jar:2.4.0]
	at org.apache.storm.utils.NimbusClient.getConfiguredClientAs(NimbusClient.java:221) ~[storm-client-2.4.0.jar:2.4.0]
	at org.apache.storm.utils.NimbusClient.getConfiguredClientAs(NimbusClient.java:179) ~[storm-client-2.4.0.jar:2.4.0]
	at org.apache.storm.utils.NimbusClient.getConfiguredClient(NimbusClient.java:138) ~[storm-client-2.4.0.jar:2.4.0]
	at org.apache.storm.daemon.ui.resources.StormApiResource.getClusterConfiguration(StormApiResource.java:116) ~[storm-webapp-2.4.0.jar:2.4.0]
	at jdk.internal.reflect.NativeMethodAccessorImpl.invoke0(Native Method) ~[?:?]
	at jdk.internal.reflect.NativeMethodAccessorImpl.invoke(NativeMethodAccessorImpl.java:62) ~[?:?]
	at jdk.internal.reflect.DelegatingMethodAccessorImpl.invoke(DelegatingMethodAccessorImpl.java:43) ~[?:?]
	at java.lang.reflect.Method.invoke(Method.java:566) ~[?:?]
	at org.glassfish.jersey.server.model.internal.ResourceMethodInvocationHandlerFactory.lambda$static$0(ResourceMethodInvocationHandlerFactory.java:52) ~[jersey-server-2.29.jar:?]
	at org.glassfish.jersey.server.model.internal.AbstractJavaResourceMethodDispatcher$1.run(AbstractJavaResourceMethodDispatcher.java:124) [jersey-server-2.29.jar:?]
	at org.glassfish.jersey.server.model.internal.AbstractJavaResourceMethodDispatcher.invoke(AbstractJavaResourceMethodDispatcher.java:167) [jersey-server-2.29.jar:?]
	at org.glassfish.jersey.server.model.internal.JavaResourceMethodDispatcherProvider$ResponseOutInvoker.doDispatch(JavaResourceMethodDispatcherProvider.java:176) [jersey-server-2.29.jar:?]
	at org.glassfish.jersey.server.model.internal.AbstractJavaResourceMethodDispatcher.dispatch(AbstractJavaResourceMethodDispatcher.java:79) [jersey-server-2.29.jar:?]
	at org.glassfish.jersey.server.model.ResourceMethodInvoker.invoke(ResourceMethodInvoker.java:469) [jersey-server-2.29.jar:?]
	at org.glassfish.jersey.server.model.ResourceMethodInvoker.apply(ResourceMethodInvoker.java:391) [jersey-server-2.29.jar:?]
	at org.glassfish.jersey.server.model.ResourceMethodInvoker.apply(ResourceMethodInvoker.java:80) [jersey-server-2.29.jar:?]
	at org.glassfish.jersey.server.ServerRuntime$1.run(ServerRuntime.java:253) [jersey-server-2.29.jar:?]
	at org.glassfish.jersey.internal.Errors$1.call(Errors.java:248) [jersey-common-2.29.jar:?]
	at org.glassfish.jersey.internal.Errors$1.call(Errors.java:244) [jersey-common-2.29.jar:?]
	at org.glassfish.jersey.internal.Errors.process(Errors.java:292) [jersey-common-2.29.jar:?]
	at org.glassfish.jersey.internal.Errors.process(Errors.java:274) [jersey-common-2.29.jar:?]
	at org.glassfish.jersey.internal.Errors.process(Errors.java:244) [jersey-common-2.29.jar:?]
	at org.glassfish.jersey.process.internal.RequestScope.runInScope(RequestScope.java:265) [jersey-common-2.29.jar:?]
	at org.glassfish.jersey.server.ServerRuntime.process(ServerRuntime.java:232) [jersey-server-2.29.jar:?]
	at org.glassfish.jersey.server.ApplicationHandler.handle(ApplicationHandler.java:680) [jersey-server-2.29.jar:?]
	at org.glassfish.jersey.servlet.WebComponent.serviceImpl(WebComponent.java:392) [jersey-container-servlet-core-2.29.jar:?]
	at org.glassfish.jersey.servlet.WebComponent.service(WebComponent.java:346) [jersey-container-servlet-core-2.29.jar:?]
	at org.glassfish.jersey.servlet.ServletContainer.service(ServletContainer.java:365) [jersey-container-servlet-core-2.29.jar:?]
	at org.glassfish.jersey.servlet.ServletContainer.service(ServletContainer.java:318) [jersey-container-servlet-core-2.29.jar:?]
	at org.glassfish.jersey.servlet.ServletContainer.service(ServletContainer.java:205) [jersey-container-servlet-core-2.29.jar:?]
	at org.eclipse.jetty.servlet.ServletHolder.handle(ServletHolder.java:867) [jetty-servlet-9.4.14.v20181114.jar:9.4.14.v20181114]
	at org.eclipse.jetty.servlet.ServletHandler$CachedChain.doFilter(ServletHandler.java:1623) [jetty-servlet-9.4.14.v20181114.jar:9.4.14.v20181114]
	at org.apache.storm.daemon.ui.filters.HeaderResponseServletFilter.doFilter(HeaderResponseServletFilter.java:62) [storm-webapp-2.4.0.jar:2.4.0]
	at org.eclipse.jetty.servlet.ServletHandler$CachedChain.doFilter(ServletHandler.java:1610) [jetty-servlet-9.4.14.v20181114.jar:9.4.14.v20181114]
	at org.apache.storm.daemon.drpc.webapp.ReqContextFilter.handle(ReqContextFilter.java:83) [storm-webapp-2.4.0.jar:2.4.0]
	at org.apache.storm.daemon.drpc.webapp.ReqContextFilter.doFilter(ReqContextFilter.java:70) [storm-webapp-2.4.0.jar:2.4.0]
	at org.eclipse.jetty.servlet.ServletHandler$CachedChain.doFilter(ServletHandler.java:1610) [jetty-servlet-9.4.14.v20181114.jar:9.4.14.v20181114]
	at org.apache.storm.logging.filters.AccessLoggingFilter.handle(AccessLoggingFilter.java:46) [storm-server-2.4.0.jar:2.4.0]
	at org.apache.storm.logging.filters.AccessLoggingFilter.doFilter(AccessLoggingFilter.java:38) [storm-server-2.4.0.jar:2.4.0]
	at org.eclipse.jetty.servlet.ServletHandler$CachedChain.doFilter(ServletHandler.java:1610) [jetty-servlet-9.4.14.v20181114.jar:9.4.14.v20181114]
	at org.eclipse.jetty.servlets.CrossOriginFilter.handle(CrossOriginFilter.java:311) [jetty-servlets-9.4.14.v20181114.jar:9.4.14.v20181114]
	at org.eclipse.jetty.servlets.CrossOriginFilter.doFilter(CrossOriginFilter.java:265) [jetty-servlets-9.4.14.v20181114.jar:9.4.14.v20181114]
	at org.eclipse.jetty.servlet.ServletHandler$CachedChain.doFilter(ServletHandler.java:1610) [jetty-servlet-9.4.14.v20181114.jar:9.4.14.v20181114]
	at org.eclipse.jetty.servlet.ServletHandler.doHandle(ServletHandler.java:540) [jetty-servlet-9.4.14.v20181114.jar:9.4.14.v20181114]
	at org.eclipse.jetty.server.handler.ScopedHandler.nextHandle(ScopedHandler.java:255) [jetty-server-9.4.14.v20181114.jar:9.4.14.v20181114]
	at org.eclipse.jetty.server.session.SessionHandler.doHandle(SessionHandler.java:1588) [jetty-server-9.4.14.v20181114.jar:9.4.14.v20181114]
	at org.eclipse.jetty.server.handler.ScopedHandler.nextHandle(ScopedHandler.java:255) [jetty-server-9.4.14.v20181114.jar:9.4.14.v20181114]
	at org.eclipse.jetty.server.handler.ContextHandler.doHandle(ContextHandler.java:1345) [jetty-server-9.4.14.v20181114.jar:9.4.14.v20181114]
	at org.eclipse.jetty.server.handler.ScopedHandler.nextScope(ScopedHandler.java:203) [jetty-server-9.4.14.v20181114.jar:9.4.14.v20181114]
	at org.eclipse.jetty.servlet.ServletHandler.doScope(ServletHandler.java:480) [jetty-servlet-9.4.14.v20181114.jar:9.4.14.v20181114]
	at org.eclipse.jetty.server.session.SessionHandler.doScope(SessionHandler.java:1557) [jetty-server-9.4.14.v20181114.jar:9.4.14.v20181114]
	at org.eclipse.jetty.server.handler.ScopedHandler.nextScope(ScopedHandler.java:201) [jetty-server-9.4.14.v20181114.jar:9.4.14.v20181114]
	at org.eclipse.jetty.server.handler.ContextHandler.doScope(ContextHandler.java:1247) [jetty-server-9.4.14.v20181114.jar:9.4.14.v20181114]
	at org.eclipse.jetty.server.handler.ScopedHandler.handle(ScopedHandler.java:144) [jetty-server-9.4.14.v20181114.jar:9.4.14.v20181114]
	at org.eclipse.jetty.server.handler.HandlerWrapper.handle(HandlerWrapper.java:132) [jetty-server-9.4.14.v20181114.jar:9.4.14.v20181114]
	at org.eclipse.jetty.server.Server.handle(Server.java:502) [jetty-server-9.4.14.v20181114.jar:9.4.14.v20181114]
	at org.eclipse.jetty.server.HttpChannel.handle(HttpChannel.java:364) [jetty-server-9.4.14.v20181114.jar:9.4.14.v20181114]
	at org.eclipse.jetty.server.HttpConnection.onFillable(HttpConnection.java:260) [jetty-server-9.4.14.v20181114.jar:9.4.14.v20181114]
	at org.eclipse.jetty.io.AbstractConnection$ReadCallback.succeeded(AbstractConnection.java:305) [jetty-io-9.4.14.v20181114.jar:9.4.14.v20181114]
	at org.eclipse.jetty.io.FillInterest.fillable(FillInterest.java:103) [jetty-io-9.4.14.v20181114.jar:9.4.14.v20181114]
	at org.eclipse.jetty.io.ChannelEndPoint$2.run(ChannelEndPoint.java:118) [jetty-io-9.4.14.v20181114.jar:9.4.14.v20181114]
	at org.eclipse.jetty.util.thread.strategy.EatWhatYouKill.runTask(EatWhatYouKill.java:333) [jetty-util-9.4.14.v20181114.jar:9.4.14.v20181114]
	at org.eclipse.jetty.util.thread.strategy.EatWhatYouKill.doProduce(EatWhatYouKill.java:310) [jetty-util-9.4.14.v20181114.jar:9.4.14.v20181114]
	at org.eclipse.jetty.util.thread.strategy.EatWhatYouKill.tryProduce(EatWhatYouKill.java:168) [jetty-util-9.4.14.v20181114.jar:9.4.14.v20181114]
	at org.eclipse.jetty.util.thread.strategy.EatWhatYouKill.run(EatWhatYouKill.java:126) [jetty-util-9.4.14.v20181114.jar:9.4.14.v20181114]
	at org.eclipse.jetty.util.thread.ReservedThreadExecutor$ReservedThread.run(ReservedThreadExecutor.java:366) [jetty-util-9.4.14.v20181114.jar:9.4.14.v20181114]
	at org.eclipse.jetty.util.thread.QueuedThreadPool.runJob(QueuedThreadPool.java:765) [jetty-util-9.4.14.v20181114.jar:9.4.14.v20181114]
	at org.eclipse.jetty.util.thread.QueuedThreadPool$2.run(QueuedThreadPool.java:683) [jetty-util-9.4.14.v20181114.jar:9.4.14.v20181114]
	at java.lang.Thread.run(Thread.java:829) [?:?]
Caused by: java.lang.RuntimeException: org.apache.storm.thrift.transport.TTransportException: java.net.ConnectException: Connection refused (Connection refused)
	at org.apache.storm.security.auth.TBackoffConnect.retryNext(TBackoffConnect.java:59) ~[storm-client-2.4.0.jar:2.4.0]
	at org.apache.storm.security.auth.TBackoffConnect.doConnectWithRetry(TBackoffConnect.java:51) ~[storm-client-2.4.0.jar:2.4.0]
	at org.apache.storm.security.auth.ThriftClient.reconnect(ThriftClient.java:98) ~[storm-client-2.4.0.jar:2.4.0]
	... 71 more
Caused by: org.apache.storm.thrift.transport.TTransportException: java.net.ConnectException: Connection refused (Connection refused)
	at org.apache.storm.thrift.transport.TSocket.open(TSocket.java:226) ~[storm-shaded-deps-2.4.0.jar:2.4.0]
	at org.apache.storm.thrift.transport.TFramedTransport.open(TFramedTransport.java:91) ~[storm-shaded-deps-2.4.0.jar:2.4.0]
	at org.apache.storm.security.auth.SimpleTransportPlugin.connect(SimpleTransportPlugin.java:101) ~[storm-client-2.4.0.jar:2.4.0]
	at org.apache.storm.security.auth.TBackoffConnect.doConnectWithRetry(TBackoffConnect.java:48) ~[storm-client-2.4.0.jar:2.4.0]
	at org.apache.storm.security.auth.ThriftClient.reconnect(ThriftClient.java:98) ~[storm-client-2.4.0.jar:2.4.0]
	... 71 more
Caused by: java.net.ConnectException: Connection refused (Connection refused)
	at java.net.PlainSocketImpl.socketConnect(Native Method) ~[?:?]
	at java.net.AbstractPlainSocketImpl.doConnect(AbstractPlainSocketImpl.java:412) ~[?:?]
	at java.net.AbstractPlainSocketImpl.connectToAddress(AbstractPlainSocketImpl.java:255) ~[?:?]
	at java.net.AbstractPlainSocketImpl.connect(AbstractPlainSocketImpl.java:237) ~[?:?]
	at java.net.SocksSocketImpl.connect(SocksSocketImpl.java:392) ~[?:?]
	at java.net.Socket.connect(Socket.java:609) ~[?:?]
	at org.apache.storm.thrift.transport.TSocket.open(TSocket.java:221) ~[storm-shaded-deps-2.4.0.jar:2.4.0]
	at org.apache.storm.thrift.transport.TFramedTransport.open(TFramedTransport.java:91) ~[storm-shaded-deps-2.4.0.jar:2.4.0]
	at org.apache.storm.security.auth.SimpleTransportPlugin.connect(SimpleTransportPlugin.java:101) ~[storm-client-2.4.0.jar:2.4.0]
	at org.apache.storm.security.auth.TBackoffConnect.doConnectWithRetry(TBackoffConnect.java:48) ~[storm-client-2.4.0.jar:2.4.0]
	at org.apache.storm.security.auth.ThriftClient.reconnect(ThriftClient.java:98) ~[storm-client-2.4.0.jar:2.4.0]
	... 71 more
2022-05-07 18:10:22.532 o.a.s.u.NimbusClient qtp259319861-27 [WARN] Ignoring exception while trying to get leader nimbus info from localhost. will retry with a different seed host.
java.lang.RuntimeException: java.lang.RuntimeException: org.apache.storm.thrift.transport.TTransportException: java.net.ConnectException: Connection refused (Connection refused)
	at org.apache.storm.security.auth.ThriftClient.reconnect(ThriftClient.java:108) ~[storm-client-2.4.0.jar:2.4.0]
	at org.apache.storm.security.auth.ThriftClient.<init>(ThriftClient.java:69) ~[storm-client-2.4.0.jar:2.4.0]
	at org.apache.storm.utils.NimbusClient.<init>(NimbusClient.java:80) ~[storm-client-2.4.0.jar:2.4.0]
	at org.apache.storm.utils.NimbusClient.getConfiguredClientAs(NimbusClient.java:221) ~[storm-client-2.4.0.jar:2.4.0]
	at org.apache.storm.utils.NimbusClient.getConfiguredClientAs(NimbusClient.java:179) ~[storm-client-2.4.0.jar:2.4.0]
	at org.apache.storm.utils.NimbusClient.getConfiguredClient(NimbusClient.java:138) ~[storm-client-2.4.0.jar:2.4.0]
	at org.apache.storm.daemon.ui.resources.StormApiResource.getClusterConfiguration(StormApiResource.java:116) ~[storm-webapp-2.4.0.jar:2.4.0]
	at jdk.internal.reflect.NativeMethodAccessorImpl.invoke0(Native Method) ~[?:?]
	at jdk.internal.reflect.NativeMethodAccessorImpl.invoke(NativeMethodAccessorImpl.java:62) ~[?:?]
	at jdk.internal.reflect.DelegatingMethodAccessorImpl.invoke(DelegatingMethodAccessorImpl.java:43) ~[?:?]
	at java.lang.reflect.Method.invoke(Method.java:566) ~[?:?]
	at org.glassfish.jersey.server.model.internal.ResourceMethodInvocationHandlerFactory.lambda$static$0(ResourceMethodInvocationHandlerFactory.java:52) ~[jersey-server-2.29.jar:?]
	at org.glassfish.jersey.server.model.internal.AbstractJavaResourceMethodDispatcher$1.run(AbstractJavaResourceMethodDispatcher.java:124) [jersey-server-2.29.jar:?]
	at org.glassfish.jersey.server.model.internal.AbstractJavaResourceMethodDispatcher.invoke(AbstractJavaResourceMethodDispatcher.java:167) [jersey-server-2.29.jar:?]
	at org.glassfish.jersey.server.model.internal.JavaResourceMethodDispatcherProvider$ResponseOutInvoker.doDispatch(JavaResourceMethodDispatcherProvider.java:176) [jersey-server-2.29.jar:?]
	at org.glassfish.jersey.server.model.internal.AbstractJavaResourceMethodDispatcher.dispatch(AbstractJavaResourceMethodDispatcher.java:79) [jersey-server-2.29.jar:?]
	at org.glassfish.jersey.server.model.ResourceMethodInvoker.invoke(ResourceMethodInvoker.java:469) [jersey-server-2.29.jar:?]
	at org.glassfish.jersey.server.model.ResourceMethodInvoker.apply(ResourceMethodInvoker.java:391) [jersey-server-2.29.jar:?]
	at org.glassfish.jersey.server.model.ResourceMethodInvoker.apply(ResourceMethodInvoker.java:80) [jersey-server-2.29.jar:?]
	at org.glassfish.jersey.server.ServerRuntime$1.run(ServerRuntime.java:253) [jersey-server-2.29.jar:?]
	at org.glassfish.jersey.internal.Errors$1.call(Errors.java:248) [jersey-common-2.29.jar:?]
	at org.glassfish.jersey.internal.Errors$1.call(Errors.java:244) [jersey-common-2.29.jar:?]
	at org.glassfish.jersey.internal.Errors.process(Errors.java:292) [jersey-common-2.29.jar:?]
	at org.glassfish.jersey.internal.Errors.process(Errors.java:274) [jersey-common-2.29.jar:?]
	at org.glassfish.jersey.internal.Errors.process(Errors.java:244) [jersey-common-2.29.jar:?]
	at org.glassfish.jersey.process.internal.RequestScope.runInScope(RequestScope.java:265) [jersey-common-2.29.jar:?]
	at org.glassfish.jersey.server.ServerRuntime.process(ServerRuntime.java:232) [jersey-server-2.29.jar:?]
	at org.glassfish.jersey.server.ApplicationHandler.handle(ApplicationHandler.java:680) [jersey-server-2.29.jar:?]
	at org.glassfish.jersey.servlet.WebComponent.serviceImpl(WebComponent.java:392) [jersey-container-servlet-core-2.29.jar:?]
	at org.glassfish.jersey.servlet.WebComponent.service(WebComponent.java:346) [jersey-container-servlet-core-2.29.jar:?]
	at org.glassfish.jersey.servlet.ServletContainer.service(ServletContainer.java:365) [jersey-container-servlet-core-2.29.jar:?]
	at org.glassfish.jersey.servlet.ServletContainer.service(ServletContainer.java:318) [jersey-container-servlet-core-2.29.jar:?]
	at org.glassfish.jersey.servlet.ServletContainer.service(ServletContainer.java:205) [jersey-container-servlet-core-2.29.jar:?]
	at org.eclipse.jetty.servlet.ServletHolder.handle(ServletHolder.java:867) [jetty-servlet-9.4.14.v20181114.jar:9.4.14.v20181114]
	at org.eclipse.jetty.servlet.ServletHandler$CachedChain.doFilter(ServletHandler.java:1623) [jetty-servlet-9.4.14.v20181114.jar:9.4.14.v20181114]
	at org.apache.storm.daemon.ui.filters.HeaderResponseServletFilter.doFilter(HeaderResponseServletFilter.java:62) [storm-webapp-2.4.0.jar:2.4.0]
	at org.eclipse.jetty.servlet.ServletHandler$CachedChain.doFilter(ServletHandler.java:1610) [jetty-servlet-9.4.14.v20181114.jar:9.4.14.v20181114]
	at org.apache.storm.daemon.drpc.webapp.ReqContextFilter.handle(ReqContextFilter.java:83) [storm-webapp-2.4.0.jar:2.4.0]
	at org.apache.storm.daemon.drpc.webapp.ReqContextFilter.doFilter(ReqContextFilter.java:70) [storm-webapp-2.4.0.jar:2.4.0]
	at org.eclipse.jetty.servlet.ServletHandler$CachedChain.doFilter(ServletHandler.java:1610) [jetty-servlet-9.4.14.v20181114.jar:9.4.14.v20181114]
	at org.apache.storm.logging.filters.AccessLoggingFilter.handle(AccessLoggingFilter.java:46) [storm-server-2.4.0.jar:2.4.0]
	at org.apache.storm.logging.filters.AccessLoggingFilter.doFilter(AccessLoggingFilter.java:38) [storm-server-2.4.0.jar:2.4.0]
	at org.eclipse.jetty.servlet.ServletHandler$CachedChain.doFilter(ServletHandler.java:1610) [jetty-servlet-9.4.14.v20181114.jar:9.4.14.v20181114]
	at org.eclipse.jetty.servlets.CrossOriginFilter.handle(CrossOriginFilter.java:311) [jetty-servlets-9.4.14.v20181114.jar:9.4.14.v20181114]
	at org.eclipse.jetty.servlets.CrossOriginFilter.doFilter(CrossOriginFilter.java:265) [jetty-servlets-9.4.14.v20181114.jar:9.4.14.v20181114]
	at org.eclipse.jetty.servlet.ServletHandler$CachedChain.doFilter(ServletHandler.java:1610) [jetty-servlet-9.4.14.v20181114.jar:9.4.14.v20181114]
	at org.eclipse.jetty.servlet.ServletHandler.doHandle(ServletHandler.java:540) [jetty-servlet-9.4.14.v20181114.jar:9.4.14.v20181114]
	at org.eclipse.jetty.server.handler.ScopedHandler.nextHandle(ScopedHandler.java:255) [jetty-server-9.4.14.v20181114.jar:9.4.14.v20181114]
	at org.eclipse.jetty.server.session.SessionHandler.doHandle(SessionHandler.java:1588) [jetty-server-9.4.14.v20181114.jar:9.4.14.v20181114]
	at org.eclipse.jetty.server.handler.ScopedHandler.nextHandle(ScopedHandler.java:255) [jetty-server-9.4.14.v20181114.jar:9.4.14.v20181114]
	at org.eclipse.jetty.server.handler.ContextHandler.doHandle(ContextHandler.java:1345) [jetty-server-9.4.14.v20181114.jar:9.4.14.v20181114]
	at org.eclipse.jetty.server.handler.ScopedHandler.nextScope(ScopedHandler.java:203) [jetty-server-9.4.14.v20181114.jar:9.4.14.v20181114]
	at org.eclipse.jetty.servlet.ServletHandler.doScope(ServletHandler.java:480) [jetty-servlet-9.4.14.v20181114.jar:9.4.14.v20181114]
	at org.eclipse.jetty.server.session.SessionHandler.doScope(SessionHandler.java:1557) [jetty-server-9.4.14.v20181114.jar:9.4.14.v20181114]
	at org.eclipse.jetty.server.handler.ScopedHandler.nextScope(ScopedHandler.java:201) [jetty-server-9.4.14.v20181114.jar:9.4.14.v20181114]
	at org.eclipse.jetty.server.handler.ContextHandler.doScope(ContextHandler.java:1247) [jetty-server-9.4.14.v20181114.jar:9.4.14.v20181114]
	at org.eclipse.jetty.server.handler.ScopedHandler.handle(ScopedHandler.java:144) [jetty-server-9.4.14.v20181114.jar:9.4.14.v20181114]
	at org.eclipse.jetty.server.handler.HandlerWrapper.handle(HandlerWrapper.java:132) [jetty-server-9.4.14.v20181114.jar:9.4.14.v20181114]
	at org.eclipse.jetty.server.Server.handle(Server.java:502) [jetty-server-9.4.14.v20181114.jar:9.4.14.v20181114]
	at org.eclipse.jetty.server.HttpChannel.handle(HttpChannel.java:364) [jetty-server-9.4.14.v20181114.jar:9.4.14.v20181114]
	at org.eclipse.jetty.server.HttpConnection.onFillable(HttpConnection.java:260) [jetty-server-9.4.14.v20181114.jar:9.4.14.v20181114]
	at org.eclipse.jetty.io.AbstractConnection$ReadCallback.succeeded(AbstractConnection.java:305) [jetty-io-9.4.14.v20181114.jar:9.4.14.v20181114]
	at org.eclipse.jetty.io.FillInterest.fillable(FillInterest.java:103) [jetty-io-9.4.14.v20181114.jar:9.4.14.v20181114]
	at org.eclipse.jetty.io.ChannelEndPoint$2.run(ChannelEndPoint.java:118) [jetty-io-9.4.14.v20181114.jar:9.4.14.v20181114]
	at org.eclipse.jetty.util.thread.strategy.EatWhatYouKill.runTask(EatWhatYouKill.java:333) [jetty-util-9.4.14.v20181114.jar:9.4.14.v20181114]
	at org.eclipse.jetty.util.thread.strategy.EatWhatYouKill.doProduce(EatWhatYouKill.java:310) [jetty-util-9.4.14.v20181114.jar:9.4.14.v20181114]
	at org.eclipse.jetty.util.thread.strategy.EatWhatYouKill.tryProduce(EatWhatYouKill.java:168) [jetty-util-9.4.14.v20181114.jar:9.4.14.v20181114]
	at org.eclipse.jetty.util.thread.strategy.EatWhatYouKill.run(EatWhatYouKill.java:126) [jetty-util-9.4.14.v20181114.jar:9.4.14.v20181114]
	at org.eclipse.jetty.util.thread.ReservedThreadExecutor$ReservedThread.run(ReservedThreadExecutor.java:366) [jetty-util-9.4.14.v20181114.jar:9.4.14.v20181114]
	at org.eclipse.jetty.util.thread.QueuedThreadPool.runJob(QueuedThreadPool.java:765) [jetty-util-9.4.14.v20181114.jar:9.4.14.v20181114]
	at org.eclipse.jetty.util.thread.QueuedThreadPool$2.run(QueuedThreadPool.java:683) [jetty-util-9.4.14.v20181114.jar:9.4.14.v20181114]
	at java.lang.Thread.run(Thread.java:829) [?:?]
Caused by: java.lang.RuntimeException: org.apache.storm.thrift.transport.TTransportException: java.net.ConnectException: Connection refused (Connection refused)
	at org.apache.storm.security.auth.TBackoffConnect.retryNext(TBackoffConnect.java:59) ~[storm-client-2.4.0.jar:2.4.0]
	at org.apache.storm.security.auth.TBackoffConnect.doConnectWithRetry(TBackoffConnect.java:51) ~[storm-client-2.4.0.jar:2.4.0]
	at org.apache.storm.security.auth.ThriftClient.reconnect(ThriftClient.java:98) ~[storm-client-2.4.0.jar:2.4.0]
	... 71 more
Caused by: org.apache.storm.thrift.transport.TTransportException: java.net.ConnectException: Connection refused (Connection refused)
	at org.apache.storm.thrift.transport.TSocket.open(TSocket.java:226) ~[storm-shaded-deps-2.4.0.jar:2.4.0]
	at org.apache.storm.thrift.transport.TFramedTransport.open(TFramedTransport.java:91) ~[storm-shaded-deps-2.4.0.jar:2.4.0]
	at org.apache.storm.security.auth.SimpleTransportPlugin.connect(SimpleTransportPlugin.java:101) ~[storm-client-2.4.0.jar:2.4.0]
	at org.apache.storm.security.auth.TBackoffConnect.doConnectWithRetry(TBackoffConnect.java:48) ~[storm-client-2.4.0.jar:2.4.0]
	at org.apache.storm.security.auth.ThriftClient.reconnect(ThriftClient.java:98) ~[storm-client-2.4.0.jar:2.4.0]
	... 71 more
Caused by: java.net.ConnectException: Connection refused (Connection refused)
	at java.net.PlainSocketImpl.socketConnect(Native Method) ~[?:?]
	at java.net.AbstractPlainSocketImpl.doConnect(AbstractPlainSocketImpl.java:412) ~[?:?]
	at java.net.AbstractPlainSocketImpl.connectToAddress(AbstractPlainSocketImpl.java:255) ~[?:?]
	at java.net.AbstractPlainSocketImpl.connect(AbstractPlainSocketImpl.java:237) ~[?:?]
	at java.net.SocksSocketImpl.connect(SocksSocketImpl.java:392) ~[?:?]
	at java.net.Socket.connect(Socket.java:609) ~[?:?]
	at org.apache.storm.thrift.transport.TSocket.open(TSocket.java:221) ~[storm-shaded-deps-2.4.0.jar:2.4.0]
	at org.apache.storm.thrift.transport.TFramedTransport.open(TFramedTransport.java:91) ~[storm-shaded-deps-2.4.0.jar:2.4.0]
	at org.apache.storm.security.auth.SimpleTransportPlugin.connect(SimpleTransportPlugin.java:101) ~[storm-client-2.4.0.jar:2.4.0]
	at org.apache.storm.security.auth.TBackoffConnect.doConnectWithRetry(TBackoffConnect.java:48) ~[storm-client-2.4.0.jar:2.4.0]
	at org.apache.storm.security.auth.ThriftClient.reconnect(ThriftClient.java:98) ~[storm-client-2.4.0.jar:2.4.0]
	... 71 more
2022-05-07 18:12:15.961 o.a.s.u.NimbusClient qtp259319861-24 [INFO] Found leader nimbus : mclovin-MS-7B23:6627
